make all --print-data-base --no-builtin-variables --no-builtin-rules --question
# GNU Make 3.81
# Copyright (C) 2006  Free Software Foundation, Inc.
# This is free software; see the source for copying conditions.
# There is NO warranty; not even for MERCHANTABILITY or FITNESS FOR A
# PARTICULAR PURPOSE.

# This program built for i386-apple-darwin11.3.0

# Make data base, printed on Sat Dec 11 10:42:59 2021

# Variables

# automatic
<D = $(patsubst %/,%,$(dir $<))
# automatic
?F = $(notdir $?)
# environment
VIRTUALENVWRAPPER_PROJECT_FILENAME = .project
# environment
ZPLUG_LOG_LOAD_SUCCESS = false
# environment
LC_CTYPE = UTF-8
# environment
VSCODE_LOG_NATIVE = false
# environment
ZPLUG_LOG_LOAD_FAILURE = false
# environment
NVM_INC = /Users/coreyrice/.nvm/versions/node/v14.17.1/include/node
# automatic
?D = $(patsubst %/,%,$(dir $?))
# environment
DIRENV_WATCHES = eJyMz89KxDAQgPF3ybnspPkzaXr3KHjxJB4mkwlbqBtIYlXEd_deEfYFfnzfy7d6onFVq4LnLq0D1yZfbWMBrlmgCPUBF7kdjdWkHmse25uodUYbcLY6LJN6-Nz66God7V1-pv_By16ZduhXagJ5a3I7gPa9fkCwFLTGyMUGF32ysWjHyL7olI1FmzMF58pSiiRtIs00e8ySGLPB9KfMRO2Nu7_stHrmgve44Il7_Q0AAP___Qlk_Q==
# automatic
@D = $(patsubst %/,%,$(dir $@))
# automatic
@F = $(notdir $@)
# environment
PERIOD = 30
# automatic
^D = $(patsubst %/,%,$(dir $^))
# makefile
CURDIR := /Users/coreyrice/code/feast
# makefile
SHELL = /bin/sh
# environment
VSCODE_NLS_CONFIG = {"locale":"en-us","availableLanguages":{},"_languagePackSupport":true}
# environment
_ZPLUG_CONFIG_SUBSHELL = :
# environment
_ = /usr/bin/make
# environment
MONGO_DB_NAME = feast
# makefile (from `Makefile', line 1)
MAKEFILE_LIST :=  Makefile
# environment
VSCODE_VERBOSE_LOGGING = true
# environment
ZPLUG_THREADS = 16
# environment
ZPLUG_FILTER = fzf-tmux:fzf:peco:percol:fzy:zaw
# environment
__CFBundleIdentifier = com.microsoft.VSCode
# environment
_ZPLUG_VERSION = 2.4.2
# environment
DIRENV_DIFF = eJyMk12PqjgAhv9Lb8-goIhIMtktULDKl1C_Jpt0EYqLgmgBPTiZ_76ZmZ1zPNmbc9s87_smT9tXcAba69sTOAHtFcB1RKFhoCiic7Sl2AQagHMMydBSXHtmGLo7tdFqA54-0AgZISIPCaCBVXNlKJuP_NnmBS70m3RfHDa3tlDTi3SQ8ebbQES5ml7AEzBxiLwVNXEINCD0lzXjdT-pOOt4nrB-UqWsn7G4bn6ya0iMKYqABtisc-_qZP7dhIt9YA273ak-B8d7vOHD-fTwfabL5fFW7C56g7fFBqU0ZSjbWtnpnnXjVKlO1uoiOyfnIppS95Lt1q7Oi3JvBEvdGh_TQ7o-TsuaDUZtlS63u8TZKs7MUwTvrih2lY5XknC-Ur2TlJe0_WcT72ejeIjH-yCeZEfjZjnE7tylbQ0HXb0-TDtnXBVYssq7a43Uc5TnYYNrUWRqF9lOoE_mmRv6A68d07qZ8nJ_ZbKMizFdiBAGlNJFcaSL52fwBCwEI0JN34XYAxr4UNT78Mbipn5310uq8gcYhL6FHfRF_jgnFo0IJIjqS2OOCNDAR4fQMM7jrOLl_8nPK_6qcX3P9k2dQuLAiCIP6g6iOiIQaKDhLXtAliEGGiir075Kd99qftX6_VCZTvPzvr5bOhkpmmGrRmjBQ-mRXO_-TIq2bhgXe8k1ZlXvv2jvxJrPN_EHZw3v1jxvWP38vvZXK4oD5fZcxoeK503399c8NXXqQfdRQIigQSgMAvrbLn9GbEhdBKNliFzkkc9PYgvuxFMidUWc4BcYm8gjmGxp4PvOJ9vWwvuKMNDGuwmThkwWYlmNBXknpYKqDmVBVaQ0kRQ5SYbiL20hsrHvPXaAt7d_AwAA__8nPS9c
# environment
VSCODE_IPC_HOOK_EXTHOST = /var/folders/5p/44yq63xd4wb3cnhqnpf1tjww0000gn/T/vscode-ipc-146f9024-6aec-4b8a-b7aa-c5103fc7c758.sock
# environment
VSCODE_CWD = /Users/coreyrice/code/feast
# environment
PATH = /Users/coreyrice/.poetry/bin:/Users/coreyrice/.serverless/bin:/usr/local/opt/helm@2/bin:/Users/coreyrice/google-cloud-sdk/bin:/usr/local/opt/postgresql@12/bin:/usr/local/opt/postgresql@12/bin:/Users/coreyrice/.zplug/bin:/Users/coreyrice/.pyenv/shims:/Users/coreyrice/.nvm/versions/node/v14.17.1/bin:~/.deno/bin:~/gradle-2.11/bin:~/Library/Android/sdk/platform-tools:/usr/local/opt/openjdk/bin:/usr/local/opt/python/libexec/bin:/usr/local/bin:/usr/bin:/bin:/usr/sbin:/sbin:/usr/local/go/bin:/usr/local/share/dotnet:~/.dotnet/tools:/Library/Apple/usr/bin:/Library/Frameworks/Mono.framework/Versions/Current/Commands:/usr/local/Cellar/mysql/5.6.27/bin:/Users/coreyrice/Library/Android/sdk/emulator:/Users/coreyrice/Library/Android/sdk/tools:/Users/coreyrice/Library/Application Support/cloud-code/installer/google-cloud-sdk/bin:/Users/coreyrice/google-cloud-sdk/bin
# environment
LSCOLORS = Exfxcxdxbxegedabagacad
# environment
VSCODE_HANDLES_UNCAUGHT_ERRORS = true
# environment
FEAST_TF_STATE_BUCKET = corey-terraform
# environment
FPATH = /Users/coreyrice/.zplug/misc/completions:/Users/coreyrice/.zplug/base/sources:/Users/coreyrice/.zplug/autoload:/Users/coreyrice/.zplug/base/utils:/Users/coreyrice/.zplug/base/job:/Users/coreyrice/.zplug/base/log:/Users/coreyrice/.zplug/base/io:/Users/coreyrice/.zplug/base/core:/Users/coreyrice/.zplug/base/base:/Users/coreyrice/.zplug/autoload/commands:/Users/coreyrice/.zplug/autoload/options:/Users/coreyrice/.zplug/autoload/tags:/usr/local/share/zsh/site-functions:/usr/share/zsh/site-functions:/usr/share/zsh/5.8/functions
# environment
ZPLUG_HOME = /Users/coreyrice/.zplug
# environment
ZPLUG_CACHE_DIR = /Users/coreyrice/.zplug/cache
# environment
NVM_BIN = /Users/coreyrice/.nvm/versions/node/v14.17.1/bin
# environment
VIRTUALENVWRAPPER_PYTHON = /usr/bin/python
# environment
LaunchInstanceID = B3CA3014-0A4A-4056-BFA6-22052538520E
# environment
FEAST_DOMAIN = feast.coreyeatsrice.com
# environment
VSCODE_LOG_STACK = false
# environment
ELECTRON_RUN_AS_NODE = 1
# environment
ANDROID_HOME = /Users/coreyrice/Library/Android/sdk
# default
.FEATURES := target-specific order-only second-expansion else-if archives jobserver check-symlink
# environment
ELECTRON_NO_ATTACH_CONSOLE = 1
# environment
CLOUDSDK_METRICS_ENVIRONMENT = cloudcode.vscode
# environment
VIRTUALENVWRAPPER_HOOK_DIR = /Users/coreyrice/.virtualenvs
# environment
SSH_AUTH_SOCK = /private/tmp/com.apple.launchd.2GCOtk4XBs/Listeners
# automatic
%F = $(notdir $%)
# environment
CLOUDSDK_METRICS_ENVIRONMENT_VERSION = 1.17.0
# environment
VSCODE_PIPE_LOGGING = true
# environment
ZPLUG_PROTOCOL = HTTPS
# environment
PWD = /Users/coreyrice/code/feast
# environment
ORIGINAL_XDG_CURRENT_DESKTOP = undefined
# environment
REACT_APP_GA_MEASUREMENT_ID = G-M9N6S8VTLP
# environment
_ZPLUG_URL = https://github.com/zplug/zplug
# environment
VSCODE_AMD_ENTRYPOINT = vs/workbench/services/extensions/node/extensionHostProcess
# environment
PYENV_SHELL = zsh
# environment
HOME = /Users/coreyrice
# default
MAKEFILEPATH := /Applications/Xcode.app/Contents/Developer/Makefiles
# environment
VSCODE_CLI = 1
# environment
VSCODE_CODE_CACHE_PATH = /Users/coreyrice/Library/Application Support/Code/CachedData/7db1a2b88f7557e0a43fec75b6ba7e50b3e9f77e
# environment
LOGNAME = coreyrice
# environment
REACT_APP_IDENTITY_POOL_ID = us-east-2:7b9e13e4-a48a-4b1d-8834-861dc164cc30
# environment
APPLICATION_INSIGHTS_NO_DIAGNOSTIC_CHANNEL = true
# environment
NVM_CD_FLAGS = -q
# environment
ZSH = /Users/coreyrice/.zplug/repos/robbyrussell/oh-my-zsh
# environment
WORKON_HOME = /Users/coreyrice/.virtualenvs
# environment
ZPLUG_BIN = /Users/coreyrice/.zplug/bin
# environment
_ZPLUG_PREZTO = sorin-ionescu/prezto
# environment
XPC_FLAGS = 0x0
# environment
COLORTERM = truecolor
# default
MAKE = $(MAKE_COMMAND)
# environment
LC_TERMINAL = iTerm2
# environment
DIRENV_DIR = -/Users/coreyrice/code/feast
# environment
SHLVL = 3
# environment
MONGODB_ATLAS_ENABLE_BETA = true
# default
MAKE_VERSION := 3.81
# environment
USER = coreyrice
# makefile
.DEFAULT_GOAL := deploy-frontend
# environment
MONGODB_URI = mongodb+srv://R6HHipgszFBT56:CG8CRFAjmNTiBy@cluster0.cvaeo.mongodb.net/feast?retryWrites=true&w=majority`
# default
MAKECMDGOALS := all
# environment
TERM_SESSION_ID = w0t1p0:90094C29-4CFF-4118-B80E-746188376F7E
# environment
CLASSPATH = /usr/local/opt/openjdk/bin:/usr/local/opt/python/libexec/bin:/usr/local/bin:/usr/local/bin:/usr/bin:/bin:/usr/sbin:/sbin:/usr/local/go/bin:/usr/local/share/dotnet:~/.dotnet/tools:/Library/Apple/usr/bin:/Library/Frameworks/Mono.framework/Versions/Current/Commands:/usr/local/Cellar/mysql/5.6.27/bin:~/Library/Java/Extensions/activation-1.1.1
# environment
REACT_APP_REGION = us-east-2
# environment
FEAST_TF_STATE_KEY = feast
# environment
VIRTUALENVWRAPPER_VIRTUALENV_ARGS = --no-site-packages
# automatic
%D = $(patsubst %/,%,$(dir $%))
# environment
AWS_ACCESS_KEY_ID = AKIAT3F6MGJCCBMHGEVX
# environment
AWS_SECRET_ACCESS_KEY = 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
# default
MAKE_COMMAND := /Applications/Xcode.app/Contents/Developer/usr/bin/make
# environment
ZSH_CACHE_DIR = /Users/coreyrice/.zplug/repos/robbyrussell/oh-my-zsh/cache/
# environment
TERM_PROGRAM = iTerm.app
# default
.VARIABLES := 
# environment
 
Makefile:8: *** missing separator.  Stop.
 
TMPDIR = /var/folders/5p/44yq63xd4wb3cnhqnpf1tjww0000gn/T/
# environment
MYSQL_PATH = /usr/local/Cellar/mysql/5.6.27
# automatic
*F = $(notdir $*)
# environment
VSCODE_IPC_HOOK = /Users/coreyrice/Library/Application Support/Code/1.63.0-main.sock
# environment
_ZPLUG_AWKPATH = /Users/coreyrice/.zplug/misc/contrib
# makefile
MAKEFLAGS = Rrqp
# environment
MFLAGS = -Rrqp
# automatic
*D = $(patsubst %/,%,$(dir $*))
# environment
TERM_PROGRAM_VERSION = 3.4.14
# environment
NVM_DIR = /Users/coreyrice/.nvm
# environment
XPC_SERVICE_NAME = application.com.microsoft.VSCode.184942180.184942186.DDC1A875-1525-4875-8B54-36E58CDF1141
# environment
LC_TERMINAL_VERSION = 3.4.14
# automatic
+D = $(patsubst %/,%,$(dir $+))
# automatic
+F = $(notdir $+)
# environment
ZPLUG_USE_CACHE = true
# environment
ITERM_SESSION_ID = w0t1p0:90094C29-4CFF-4118-B80E-746188376F7E
# environment
ZPLUG_ROOT = /Users/coreyrice/.zplug
# environment
COLORFGBG = 7;0
# environment
PYTHONSTARTUP = /Users/coreyrice/pyprompt.py
# environment
ZPLUG_REPOS = /Users/coreyrice/.zplug/repos
# environment
__CF_USER_TEXT_ENCODING = 0x1F5:0x0:0x0
# environment
COMMAND_MODE = unix2003
# default
MAKEFILES := 
# environment
VIRTUALENVWRAPPER_WORKON_CD = 1
# automatic
<F = $(notdir $<)
# environment
ITERM_PROFILE = Default
# environment
VIRTUALENVWRAPPER_SCRIPT = /usr/local/bin/virtualenvwrapper.sh
# environment
LC_ALL = C
# environment
REACT_APP_FEAST_DOMAIN = feast.coreyeatsrice.com
# environment
_ZPLUG_OHMYZSH = robbyrussell/oh-my-zsh
# environment
SECURITYSESSIONID = 186c3
# automatic
^F = $(notdir $^)
# environment
ZPLUG_ERROR_LOG = /Users/coreyrice/.zplug/.error_log
# default
SUFFIXES := 
# environment
FEAST_PROFILE = feast
# environment
GREP_OPTIONS = --color=auto
# default
.INCLUDE_DIRS = /usr/local/include
# environment
MAKELEVEL := 0
# environment
ZPLUG_LOADFILE = /Users/coreyrice/.zplug/packages.zsh
# environment
CLICOLOR = 1
# environment
LANG = C
# environment
TERM = xterm-256color
# environment
VSCODE_PID = 30231
# variable set hash-table stats:
# Load=137/1024=13%, Rehash=0, Collisions=15/154=10%

# Pattern-specific Variable Values

# No pattern-specific variable values.

# Directories

# . (device 16777220, inode 182256297): 18 files, no impossibilities.

# 18 files, no impossibilities in 1 directories.

# Implicit Rules

# No implicit rules.

# Files

deploy-frontend:
#  Implicit rule search has not been done.
#  Modification time never checked.
#  File has not been updated.
#  commands to execute (from `Makefile', line 2):
	yarn workspace feast-frontend build && yarn workspace feast-frontend deploy
	

# Not a target:
all:
#  Command-line target.
#  Implicit rule search has not been done.
#  Modification time never checked.
#  File has not been updated.

# Not a target:
.SUFFIXES:
#  Implicit rule search has not been done.
#  Modification time never checked.
#  File has not been updated.

# Not a target:
Makefile:
#  Implicit rule search has not been done.
#  Modification time never checked.
#  File has not been updated.

test:
#  Implicit rule search has not been done.
#  Modification time never checked.
#  File has not been updated.

# Not a target:
.DEFAULT:
#  Implicit rule search has not been done.
#  Modification time never checked.
#  File has not been updated.

# files hash-table stats:
# Load=6/1024=1%, Rehash=0, Collisions=0/7=0%
# VPATH Search Paths

# No `vpath' search paths.

# No general (`VPATH' variable) search path.

# # of strings in strcache: 1
# # of strcache buffers: 1
# strcache size: total = 4096 / max = 4096 / min = 4096 / avg = 4096
# strcache free: total = 4087 / max = 4087 / min = 4087 / avg = 4087

# Finished Make data base on Sat Dec 11 10:42:59 2021

 
